<?xml version="1.0" encoding="utf-8"?>
<TestRun id="7da1376f-e9bf-487b-ad4f-1cd15dab0538" name="abhinavminhas@SERVER1 2021-09-02 13:28:06" runUser="abhinavminhas" xmlns="http://microsoft.com/schemas/VisualStudio/TeamTest/2010">
  <Times creation="2021-09-02T13:28:06.0369115+10:00" queuing="2021-09-02T13:28:06.0369115+10:00" start="2021-09-02T13:28:05.7969567+10:00" finish="2021-09-02T13:28:06.0790142+10:00" />
  <TestSettings name="default" id="fa7156c0-df96-4f98-96d5-50f18ebe651c">
    <Deployment runDeploymentRoot="abhinavminhas_SERVER1_2021-09-02_13_28_06" />
  </TestSettings>
  <Results>
    <UnitTestResult executionId="60e338b8-44a9-4237-9302-ef050fc18950" testId="032c48c5-df28-bdaf-4573-b96c507a5ca9" testName="Test5" computerName="SERVER1" duration="00:00:00.0036964" startTime="2021-09-02T13:28:06.0039451+10:00" endTime="2021-09-02T13:28:06.0079413+10:00" testType="13cdc9d9-ddb5-4fa4-a97d-d965ccfc6d4b" outcome="Failed" testListId="8c84fa94-04c1-424b-9868-57a2d4851a1d" relativeResultsDirectory="60e338b8-44a9-4237-9302-ef050fc18950">
      <Output>
        <ErrorInfo>
          <Message>Initialization method TestAutomation.Tests.Miscellaneous.Tests.TestInitialize threw exception. System.Exception: Abort.</Message>
          <StackTrace>    at TestAutomation.Tests.Miscellaneous.Tests.TestInitialize() in C:\Users\abhinavminhas\TestAutomation\Tests\Miscellaneous\Tests.cs:line 172&#xD;
</StackTrace>
        </ErrorInfo>
      </Output>
    </UnitTestResult>
    <UnitTestResult executionId="1f556ac4-4781-4b3c-a198-f1a0ec4cea0f" testId="95980108-9854-43cb-c80d-9112e54089ef" testName="Test3" computerName="SERVER1" duration="00:00:00.0000903" startTime="2021-09-02T13:28:05.9989414+10:00" endTime="2021-09-02T13:28:05.9989414+10:00" testType="13cdc9d9-ddb5-4fa4-a97d-d965ccfc6d4b" outcome="Passed" testListId="8c84fa94-04c1-424b-9868-57a2d4851a1d" relativeResultsDirectory="1f556ac4-4781-4b3c-a198-f1a0ec4cea0f">
      <Output>
        <StdOut>TestContext Messages:
Passed Test.&#xD;
------------Verification--------------&#xD;
Comparing value: &lt;1&gt; with value: &lt;1&gt;. Comparing Numbers.</StdOut>
      </Output>
    </UnitTestResult>
    <UnitTestResult executionId="180f80d1-a473-4e44-b7b2-15f3f4cea3d2" testId="5cec2d06-89d6-c98d-c759-2641afd4e734" testName="Test1" computerName="SERVER1" duration="00:00:00.0530455" startTime="2021-09-02T13:28:05.8839151+10:00" endTime="2021-09-02T13:28:05.9839140+10:00" testType="13cdc9d9-ddb5-4fa4-a97d-d965ccfc6d4b" outcome="Failed" testListId="8c84fa94-04c1-424b-9868-57a2d4851a1d" relativeResultsDirectory="180f80d1-a473-4e44-b7b2-15f3f4cea3d2">
      <Output>
        <StdOut>TestContext Messages:
Failed Test.&#xD;
------------Verification--------------&#xD;
Comparing value: &lt;1&gt; with value: &lt;2&gt;. Comparing Numbers.</StdOut>
        <ErrorInfo>
          <Message>Assert.AreEqual failed. Expected:&lt;1&gt;. Actual:&lt;2&gt;.  Comparing Numbers.</Message>
          <StackTrace>   at TestAutomation.Helper.AssertExtension.AreEqual(Object expected, Object actual, TestContext testcontext, String message) in C:\Users\abhinavminhas\TestAutomation\Helper\AssertExtension.cs:line 27&#xD;
   at TestAutomation.Tests.Miscellaneous.Tests.Test1() in C:\Users\abhinavminhas\TestAutomation\Tests\Miscellaneous\Tests.cs:line 45&#xD;
</StackTrace>
        </ErrorInfo>
      </Output>
    </UnitTestResult>
    <UnitTestResult executionId="95a32199-ae98-4ffd-93ec-212f5dfb6005" testId="889f3b0c-cb39-0ae7-33aa-f475cd6c8c0c" testName="Test4" computerName="SERVER1" duration="00:00:00.0043847" startTime="2021-09-02T13:28:05.9989414+10:00" endTime="2021-09-02T13:28:06.0039451+10:00" testType="13cdc9d9-ddb5-4fa4-a97d-d965ccfc6d4b" outcome="Failed" testListId="8c84fa94-04c1-424b-9868-57a2d4851a1d" relativeResultsDirectory="95a32199-ae98-4ffd-93ec-212f5dfb6005">
      <Output>
        <StdOut>TestContext Messages:
Timeout Test.&#xD;
------------Verification--------------&#xD;
Comparing value: &lt;1&gt; with value: &lt;2&gt;. Comparing Numbers With Timout.</StdOut>
        <ErrorInfo>
          <Message>Assert.AreEqual failed. Expected:&lt;1&gt;. Actual:&lt;2&gt;.  Comparing Numbers With Timout.</Message>
          <StackTrace>   at TestAutomation.Helper.AssertExtension.AreEqual(Object expected, Object actual, TestContext testcontext, String message) in C:\Users\abhinavminhas\TestAutomation\Helper\AssertExtension.cs:line 27&#xD;
   at TestAutomation.Tests.Miscellaneous.Tests.Test4() in C:\Users\abhinavminhas\TestAutomation\Tests\Miscellaneous\Tests.cs:line 74&#xD;
</StackTrace>
        </ErrorInfo>
      </Output>
    </UnitTestResult>
    <UnitTestResult executionId="49d40ef3-42db-4fa5-a256-e6bf129ec6e0" testId="b4cd624b-f2ff-4d60-7dc7-f2945e1a431d" testName="Test2" computerName="SERVER1" duration="00:00:00.0013516" startTime="2021-09-02T13:28:05.9969413+10:00" endTime="2021-09-02T13:28:05.9989414+10:00" testType="13cdc9d9-ddb5-4fa4-a97d-d965ccfc6d4b" outcome="NotExecuted" testListId="8c84fa94-04c1-424b-9868-57a2d4851a1d" relativeResultsDirectory="49d40ef3-42db-4fa5-a256-e6bf129ec6e0">
      <Output>
        <StdOut>TestContext Messages:
Inconclusive Test.&#xD;
Marking test as 'Inconclusive'. Data Not found.</StdOut>
        <ErrorInfo>
          <Message>Assert.Inconclusive failed.  Data Not found.</Message>
          <StackTrace>   at TestAutomation.Helper.AssertExtension.Inconclusive(TestContext testcontext, String message) in C:\Users\abhinavminhas\TestAutomation\Helper\AssertExtension.cs:line 177&#xD;
   at TestAutomation.Tests.Miscellaneous.Tests.Test2() in C:\Users\abhinavminhas\TestAutomation\Tests\Miscellaneous\Tests.cs:line 54&#xD;
</StackTrace>
        </ErrorInfo>
      </Output>
    </UnitTestResult>
  </Results>
  <TestDefinitions>
    <UnitTest name="Test3" storage="c:\users\abhinavminhas\testautomation\bin\debug\testautomation.dll" id="95980108-9854-43cb-c80d-9112e54089ef">
      <TestCategory>
        <TestCategoryItem TestCategory="Parser - Different Statues" />
      </TestCategory>
      <Execution id="1f556ac4-4781-4b3c-a198-f1a0ec4cea0f" />
      <TestMethod codeBase="C:\Users\abhinavminhas\TestAutomation\bin\Debug\TestAutomation.dll" adapterTypeName="executor://mstestadapter/v2" className="TestAutomation.Tests.Miscellaneous.Tests" name="Test3" />
    </UnitTest>
    <UnitTest name="Test1" storage="c:\users\abhinavminhas\testautomation\bin\debug\testautomation.dll" id="5cec2d06-89d6-c98d-c759-2641afd4e734">
      <TestCategory>
        <TestCategoryItem TestCategory="Parser - Different Statues" />
      </TestCategory>
      <Execution id="180f80d1-a473-4e44-b7b2-15f3f4cea3d2" />
      <TestMethod codeBase="C:\Users\abhinavminhas\TestAutomation\bin\Debug\TestAutomation.dll" adapterTypeName="executor://mstestadapter/v2" className="TestAutomation.Tests.Miscellaneous.Tests" name="Test1" />
    </UnitTest>
    <UnitTest name="Test4" storage="c:\users\abhinavminhas\testautomation\bin\debug\testautomation.dll" id="889f3b0c-cb39-0ae7-33aa-f475cd6c8c0c">
      <TestCategory>
        <TestCategoryItem TestCategory="Parser - Different Statues" />
      </TestCategory>
      <Execution id="95a32199-ae98-4ffd-93ec-212f5dfb6005" />
      <TestMethod codeBase="C:\Users\abhinavminhas\TestAutomation\bin\Debug\TestAutomation.dll" adapterTypeName="executor://mstestadapter/v2" className="TestAutomation.Tests.Miscellaneous.Tests" name="Test4" />
    </UnitTest>
    <UnitTest name="Test5" storage="c:\users\abhinavminhas\testautomation\bin\debug\testautomation.dll" id="032c48c5-df28-bdaf-4573-b96c507a5ca9">
      <TestCategory>
        <TestCategoryItem TestCategory="Parser - Different Statues" />
      </TestCategory>
      <Execution id="60e338b8-44a9-4237-9302-ef050fc18950" />
      <TestMethod codeBase="C:\Users\abhinavminhas\TestAutomation\bin\Debug\TestAutomation.dll" adapterTypeName="executor://mstestadapter/v2" className="TestAutomation.Tests.Miscellaneous.Tests" name="Test5" />
    </UnitTest>
    <UnitTest name="Test2" storage="c:\users\abhinavminhas\testautomation\bin\debug\testautomation.dll" id="b4cd624b-f2ff-4d60-7dc7-f2945e1a431d">
      <TestCategory>
        <TestCategoryItem TestCategory="Parser - Different Statues" />
      </TestCategory>
      <Execution id="49d40ef3-42db-4fa5-a256-e6bf129ec6e0" />
      <TestMethod codeBase="C:\Users\abhinavminhas\TestAutomation\bin\Debug\TestAutomation.dll" adapterTypeName="executor://mstestadapter/v2" className="TestAutomation.Tests.Miscellaneous.Tests" name="Test2" />
    </UnitTest>
  </TestDefinitions>
  <TestEntries>
    <TestEntry testId="032c48c5-df28-bdaf-4573-b96c507a5ca9" executionId="60e338b8-44a9-4237-9302-ef050fc18950" testListId="8c84fa94-04c1-424b-9868-57a2d4851a1d" />
    <TestEntry testId="95980108-9854-43cb-c80d-9112e54089ef" executionId="1f556ac4-4781-4b3c-a198-f1a0ec4cea0f" testListId="8c84fa94-04c1-424b-9868-57a2d4851a1d" />
    <TestEntry testId="5cec2d06-89d6-c98d-c759-2641afd4e734" executionId="180f80d1-a473-4e44-b7b2-15f3f4cea3d2" testListId="8c84fa94-04c1-424b-9868-57a2d4851a1d" />
    <TestEntry testId="889f3b0c-cb39-0ae7-33aa-f475cd6c8c0c" executionId="95a32199-ae98-4ffd-93ec-212f5dfb6005" testListId="8c84fa94-04c1-424b-9868-57a2d4851a1d" />
    <TestEntry testId="b4cd624b-f2ff-4d60-7dc7-f2945e1a431d" executionId="49d40ef3-42db-4fa5-a256-e6bf129ec6e0" testListId="8c84fa94-04c1-424b-9868-57a2d4851a1d" />
  </TestEntries>
  <TestLists>
    <TestList name="Results Not in a List" id="8c84fa94-04c1-424b-9868-57a2d4851a1d" />
    <TestList name="All Loaded Results" id="19431567-8539-422a-85d7-44ee4e166bda" />
  </TestLists>
  <ResultSummary outcome="Failed">
    <Counters total="5" executed="4" passed="1" failed="3" error="0" timeout="0" aborted="0" inconclusive="0" passedButRunAborted="0" notRunnable="0" notExecuted="0" disconnected="0" warning="0" completed="0" inProgress="0" pending="0" />
    <Output>
      <StdOut>Test 'Test2' was skipped in the test run.</StdOut>
    </Output>
  </ResultSummary>
</TestRun>