<?xml version="1.0" encoding="utf-8"?>
<TestRun id="71c22225-ba7d-4924-aa6f-bdc30c41f0e3" name="abhinavminhas@SERVER1 2021-09-02 13:30:22" runUser="abhinavminhas" xmlns="http://microsoft.com/schemas/VisualStudio/TeamTest/2010">
  <Times creation="2021-09-02T13:30:22.6346881+10:00" queuing="2021-09-02T13:30:22.6346881+10:00" start="2021-09-02T13:30:22.4026458+10:00" finish="2021-09-02T13:30:22.6826463+10:00" />
  <TestSettings name="default" id="7ec290e9-fb1c-43a8-a7bf-d5f8b73f33ec">
    <Deployment runDeploymentRoot="abhinavminhas_SERVER1_2021-09-02_13_30_22" />
  </TestSettings>
  <Results>
    <UnitTestResult executionId="303be814-6adb-4569-8d80-402d40ce5c4e" testId="40fdd8e0-bf88-7a13-e3e6-1cc53941f05a" testName="Test13" computerName="SERVER1" duration="00:00:00.0009933" startTime="2021-09-02T13:30:22.6056800+10:00" endTime="2021-09-02T13:30:22.6066870+10:00" testType="13cdc9d9-ddb5-4fa4-a97d-d965ccfc6d4b" outcome="Failed" testListId="8c84fa94-04c1-424b-9868-57a2d4851a1d" relativeResultsDirectory="303be814-6adb-4569-8d80-402d40ce5c4e">
      <Output>
        <StdOut>TestContext Messages:
Not Null Comparison.&#xD;
------------Verification--------------&#xD;
Comparing IsNotNull: &lt;&gt;. Is Not Null Comparison.</StdOut>
        <ErrorInfo>
          <Message>Assert.IsNotNull failed.  Is Not Null Comparison.</Message>
          <StackTrace>   at TestAutomation.Helper.AssertExtension.IsNotNull(Object value, TestContext testcontext, String message) in C:\Users\abhinavminhas\TestAutomation\Helper\AssertExtension.cs:line 143&#xD;
   at TestAutomation.Tests.Miscellaneous.Tests.Test13() in C:\Users\abhinavminhas\TestAutomation\Tests\Miscellaneous\Tests.cs:line 149&#xD;
</StackTrace>
        </ErrorInfo>
      </Output>
    </UnitTestResult>
    <UnitTestResult executionId="fea6ec66-55e2-4c62-9192-075376bdd890" testId="e47a8d65-feec-87e5-3b18-ecf838d7b74c" testName="Test10" computerName="SERVER1" duration="00:00:00.0501259" startTime="2021-09-02T13:30:22.4916488+10:00" endTime="2021-09-02T13:30:22.5936478+10:00" testType="13cdc9d9-ddb5-4fa4-a97d-d965ccfc6d4b" outcome="Failed" testListId="8c84fa94-04c1-424b-9868-57a2d4851a1d" relativeResultsDirectory="fea6ec66-55e2-4c62-9192-075376bdd890">
      <Output>
        <StdOut>TestContext Messages:
Comparing Numbers.&#xD;
------------Verification--------------&#xD;
Comparing IsTrue: &lt;False&gt;. Comparing Numbers.</StdOut>
        <ErrorInfo>
          <Message>Assert.IsTrue failed.  Comparing Numbers.</Message>
          <StackTrace>   at TestAutomation.Helper.AssertExtension.IsTrue(Boolean value, TestContext testcontext, String message) in C:\Users\abhinavminhas\TestAutomation\Helper\AssertExtension.cs:line 107&#xD;
   at TestAutomation.Tests.Miscellaneous.Tests.Test10() in C:\Users\abhinavminhas\TestAutomation\Tests\Miscellaneous\Tests.cs:line 125&#xD;
</StackTrace>
        </ErrorInfo>
      </Output>
    </UnitTestResult>
    <UnitTestResult executionId="d9a515ab-2472-4d9b-a7fe-e6df126a4010" testId="e8a7bed2-a3d0-db7a-e503-dd4ebbca60be" testName="Test12" computerName="SERVER1" duration="00:00:00.0010849" startTime="2021-09-02T13:30:22.6046874+10:00" endTime="2021-09-02T13:30:22.6056800+10:00" testType="13cdc9d9-ddb5-4fa4-a97d-d965ccfc6d4b" outcome="Failed" testListId="8c84fa94-04c1-424b-9868-57a2d4851a1d" relativeResultsDirectory="d9a515ab-2472-4d9b-a7fe-e6df126a4010">
      <Output>
        <StdOut>TestContext Messages:
Null Comparison.&#xD;
------------Verification--------------&#xD;
Comparing IsNull: &lt;1&gt;. Is Null Comparison.</StdOut>
        <ErrorInfo>
          <Message>Assert.IsNull failed. </Message>
          <StackTrace>   at TestAutomation.Helper.AssertExtension.IsNull(Object value, TestContext testcontext, String message) in C:\Users\abhinavminhas\TestAutomation\Helper\AssertExtension.cs:line 161&#xD;
   at TestAutomation.Tests.Miscellaneous.Tests.Test12() in C:\Users\abhinavminhas\TestAutomation\Tests\Miscellaneous\Tests.cs:line 141&#xD;
</StackTrace>
        </ErrorInfo>
      </Output>
    </UnitTestResult>
    <UnitTestResult executionId="92d64a10-be8c-4f48-b6c5-ec642ba28b55" testId="7b8d4328-f42a-4168-8198-d4f745a2bae2" testName="Test11" computerName="SERVER1" duration="00:00:00.0017965" startTime="2021-09-02T13:30:22.6026923+10:00" endTime="2021-09-02T13:30:22.6046874+10:00" testType="13cdc9d9-ddb5-4fa4-a97d-d965ccfc6d4b" outcome="Failed" testListId="8c84fa94-04c1-424b-9868-57a2d4851a1d" relativeResultsDirectory="92d64a10-be8c-4f48-b6c5-ec642ba28b55">
      <Output>
        <StdOut>TestContext Messages:
Comparing Numbers.&#xD;
------------Verification--------------&#xD;
Comparing value: &lt;1&gt; with value: &lt;2&gt;. Comparing Numbers.</StdOut>
        <ErrorInfo>
          <Message>Assert.AreEqual failed. Expected:&lt;1&gt;. Actual:&lt;2&gt;.  Comparing Numbers.</Message>
          <StackTrace>   at TestAutomation.Helper.AssertExtension.AreEqual(Object expected, Object actual, TestContext testcontext, String message) in C:\Users\abhinavminhas\TestAutomation\Helper\AssertExtension.cs:line 27&#xD;
   at TestAutomation.Tests.Miscellaneous.Tests.Test11() in C:\Users\abhinavminhas\TestAutomation\Tests\Miscellaneous\Tests.cs:line 133&#xD;
</StackTrace>
        </ErrorInfo>
      </Output>
    </UnitTestResult>
  </Results>
  <TestDefinitions>
    <UnitTest name="Test11" storage="c:\users\abhinavminhas\testautomation\bin\debug\testautomation.dll" id="7b8d4328-f42a-4168-8198-d4f745a2bae2">
      <TestCategory>
        <TestCategoryItem TestCategory="Parser - All Failed" />
      </TestCategory>
      <Execution id="92d64a10-be8c-4f48-b6c5-ec642ba28b55" />
      <TestMethod codeBase="C:\Users\abhinavminhas\TestAutomation\bin\Debug\TestAutomation.dll" adapterTypeName="executor://mstestadapter/v2" className="TestAutomation.Tests.Miscellaneous.Tests" name="Test11" />
    </UnitTest>
    <UnitTest name="Test10" storage="c:\users\abhinavminhas\testautomation\bin\debug\testautomation.dll" id="e47a8d65-feec-87e5-3b18-ecf838d7b74c">
      <TestCategory>
        <TestCategoryItem TestCategory="Parser - All Failed" />
      </TestCategory>
      <Execution id="fea6ec66-55e2-4c62-9192-075376bdd890" />
      <TestMethod codeBase="C:\Users\abhinavminhas\TestAutomation\bin\Debug\TestAutomation.dll" adapterTypeName="executor://mstestadapter/v2" className="TestAutomation.Tests.Miscellaneous.Tests" name="Test10" />
    </UnitTest>
    <UnitTest name="Test12" storage="c:\users\abhinavminhas\testautomation\bin\debug\testautomation.dll" id="e8a7bed2-a3d0-db7a-e503-dd4ebbca60be">
      <TestCategory>
        <TestCategoryItem TestCategory="Parser - All Failed" />
      </TestCategory>
      <Execution id="d9a515ab-2472-4d9b-a7fe-e6df126a4010" />
      <TestMethod codeBase="C:\Users\abhinavminhas\TestAutomation\bin\Debug\TestAutomation.dll" adapterTypeName="executor://mstestadapter/v2" className="TestAutomation.Tests.Miscellaneous.Tests" name="Test12" />
    </UnitTest>
    <UnitTest name="Test13" storage="c:\users\abhinavminhas\testautomation\bin\debug\testautomation.dll" id="40fdd8e0-bf88-7a13-e3e6-1cc53941f05a">
      <TestCategory>
        <TestCategoryItem TestCategory="Parser - All Failed" />
      </TestCategory>
      <Execution id="303be814-6adb-4569-8d80-402d40ce5c4e" />
      <TestMethod codeBase="C:\Users\abhinavminhas\TestAutomation\bin\Debug\TestAutomation.dll" adapterTypeName="executor://mstestadapter/v2" className="TestAutomation.Tests.Miscellaneous.Tests" name="Test13" />
    </UnitTest>
  </TestDefinitions>
  <TestEntries>
    <TestEntry testId="40fdd8e0-bf88-7a13-e3e6-1cc53941f05a" executionId="303be814-6adb-4569-8d80-402d40ce5c4e" testListId="8c84fa94-04c1-424b-9868-57a2d4851a1d" />
    <TestEntry testId="e47a8d65-feec-87e5-3b18-ecf838d7b74c" executionId="fea6ec66-55e2-4c62-9192-075376bdd890" testListId="8c84fa94-04c1-424b-9868-57a2d4851a1d" />
    <TestEntry testId="e8a7bed2-a3d0-db7a-e503-dd4ebbca60be" executionId="d9a515ab-2472-4d9b-a7fe-e6df126a4010" testListId="8c84fa94-04c1-424b-9868-57a2d4851a1d" />
    <TestEntry testId="7b8d4328-f42a-4168-8198-d4f745a2bae2" executionId="92d64a10-be8c-4f48-b6c5-ec642ba28b55" testListId="8c84fa94-04c1-424b-9868-57a2d4851a1d" />
  </TestEntries>
  <TestLists>
    <TestList name="Results Not in a List" id="8c84fa94-04c1-424b-9868-57a2d4851a1d" />
    <TestList name="All Loaded Results" id="19431567-8539-422a-85d7-44ee4e166bda" />
  </TestLists>
  <ResultSummary outcome="Failed">
    <Counters total="4" executed="4" passed="0" failed="4" error="0" timeout="0" aborted="0" inconclusive="0" passedButRunAborted="0" notRunnable="0" notExecuted="0" disconnected="0" warning="0" completed="0" inProgress="0" pending="0" />
  </ResultSummary>
</TestRun>