<?xml version="1.0" encoding="utf-8"?>
<TestRun id="0a2db0b3-772a-45fe-bbca-9fe18ac7232b" name="abhinavminhas@SERVER1 2021-09-02 17:18:07" runUser="abhinavminhas" xmlns="http://microsoft.com/schemas/VisualStudio/TeamTest/2010">
  <Times creation="2021-09-02T17:18:07.9120823+10:00" queuing="2021-09-02T17:18:07.9120823+10:00" start="2021-09-02T17:18:07.7010830+10:00" finish="2021-09-02T17:18:08.0370661+10:00" />
  <TestSettings name="default" id="06d2aa86-bf21-4a07-aa14-691d5bec767e">
    <Deployment runDeploymentRoot="abhinavminhas_SERVER1_2021-09-02_17_18_07" />
  </TestSettings>
  <Results>
    <UnitTestResult executionId="5b758987-4658-408f-9594-e8e163ca0edc" testId="0f8c3318-c9ed-4dbe-e68d-3802aba64904" testName="Test17" computerName="SERVER1" duration="00:00:00.0009711" startTime="2021-09-02T17:18:07.8840802+10:00" endTime="2021-09-02T17:18:07.8850827+10:00" testType="13cdc9d9-ddb5-4fa4-a97d-d965ccfc6d4b" outcome="Failed" testListId="8c84fa94-04c1-424b-9868-57a2d4851a1d" relativeResultsDirectory="5b758987-4658-408f-9594-e8e163ca0edc">
      <Output>
        <StdOut>TestContext Messages:
Null Comparison.&#xD;
------------Verification--------------&#xD;
Comparing value: &lt;1&gt; with value: &lt;2&gt;. Comparing Numbers.</StdOut>
        <ErrorInfo>
          <Message>Assert.AreEqual failed. Expected:&lt;1&gt;. Actual:&lt;2&gt;.  Comparing Numbers.</Message>
          <StackTrace>   at TestAutomation.Helper.AssertExtension.AreEqual(Object expected, Object actual, TestContext testcontext, String message) in C:\Users\abhinavminhas\TestAutomation\Helper\AssertExtension.cs:line 27&#xD;
   at TestAutomation.Tests.Miscellaneous.Tests.Test17() in C:\Users\abhinavminhas\TestAutomation\Tests\Miscellaneous\SOQLTests.cs:line 190&#xD;
</StackTrace>
        </ErrorInfo>
      </Output>
      <ResultFiles>
        <ResultFile path="SERVER1\snapshot.png" />
      </ResultFiles>
    </UnitTestResult>
    <UnitTestResult executionId="cfc36ea6-e035-4c96-a4e0-62a40702b583" testId="97e29871-129a-24b8-fea6-fe0b511ee9c8" testName="Test15" computerName="SERVER1" duration="00:00:00.0296353" startTime="2021-09-02T17:18:07.8540401+10:00" endTime="2021-09-02T17:18:07.8840802+10:00" testType="13cdc9d9-ddb5-4fa4-a97d-d965ccfc6d4b" outcome="Failed" testListId="8c84fa94-04c1-424b-9868-57a2d4851a1d" relativeResultsDirectory="cfc36ea6-e035-4c96-a4e0-62a40702b583">
      <Output>
        <StdOut>TestContext Messages:
Null Comparison.&#xD;
------------Verification--------------&#xD;
Comparing value: &lt;1&gt; with value: &lt;2&gt;. Comparing Numbers.</StdOut>
        <ErrorInfo>
          <Message>Assert.AreEqual failed. Expected:&lt;1&gt;. Actual:&lt;2&gt;.  Comparing Numbers.</Message>
          <StackTrace>   at TestAutomation.Helper.AssertExtension.AreEqual(Object expected, Object actual, TestContext testcontext, String message) in C:\Users\abhinavminhas\TestAutomation\Helper\AssertExtension.cs:line 27&#xD;
   at TestAutomation.Tests.Miscellaneous.Tests.Test15() in C:\Users\abhinavminhas\TestAutomation\Tests\Miscellaneous\SOQLTests.cs:line 171&#xD;
</StackTrace>
        </ErrorInfo>
      </Output>
      <ResultFiles>
        <ResultFile path="SERVER1\Attachment1.txt" />
        <ResultFile path="SERVER1\snapshot.png" />
      </ResultFiles>
    </UnitTestResult>
    <UnitTestResult executionId="1bd59272-0069-45d7-ab9b-95a934b9c618" testId="c80b77e5-88f5-7511-02cc-5258b67f59e3" testName="Test14" computerName="SERVER1" duration="00:00:00.0054086" startTime="2021-09-02T17:18:07.7890857+10:00" endTime="2021-09-02T17:18:07.8380869+10:00" testType="13cdc9d9-ddb5-4fa4-a97d-d965ccfc6d4b" outcome="Passed" testListId="8c84fa94-04c1-424b-9868-57a2d4851a1d" relativeResultsDirectory="1bd59272-0069-45d7-ab9b-95a934b9c618">
      <Output>
        <StdOut>TestContext Messages:
Null Comparison.&#xD;
------------Verification--------------&#xD;
Comparing value: &lt;1&gt; with value: &lt;1&gt;. Comparing Numbers.</StdOut>
      </Output>
      <ResultFiles>
        <ResultFile path="SERVER1\Attachment1.txt" />
        <ResultFile path="SERVER1\snapshot.png" />
      </ResultFiles>
    </UnitTestResult>
    <UnitTestResult executionId="7176c249-bc85-4e7c-9c42-308b60a3ce44" testId="e85a7a41-4717-8ef2-0a8d-ab79515cd1f8" testName="Test16" computerName="SERVER1" duration="00:00:00.0000903" startTime="2021-09-02T17:18:07.8840802+10:00" endTime="2021-09-02T17:18:07.8840802+10:00" testType="13cdc9d9-ddb5-4fa4-a97d-d965ccfc6d4b" outcome="Passed" testListId="8c84fa94-04c1-424b-9868-57a2d4851a1d" relativeResultsDirectory="7176c249-bc85-4e7c-9c42-308b60a3ce44">
      <Output>
        <StdOut>TestContext Messages:
Null Comparison.&#xD;
------------Verification--------------&#xD;
Comparing value: &lt;1&gt; with value: &lt;1&gt;. Comparing Numbers.</StdOut>
      </Output>
      <ResultFiles>
        <ResultFile path="SERVER1\snapshot.png" />
      </ResultFiles>
    </UnitTestResult>
  </Results>
  <TestDefinitions>
    <UnitTest name="Test17" storage="c:\users\abhinavminhas\testautomation\bin\debug\testautomation.dll" id="0f8c3318-c9ed-4dbe-e68d-3802aba64904">
      <TestCategory>
        <TestCategoryItem TestCategory="Parser - With Attchments" />
      </TestCategory>
      <Execution id="5b758987-4658-408f-9594-e8e163ca0edc" />
      <TestMethod codeBase="C:\Users\abhinavminhas\TestAutomation\bin\Debug\TestAutomation.dll" adapterTypeName="executor://mstestadapter/v2" className="TestAutomation.Tests.Miscellaneous.Tests" name="Test17" />
    </UnitTest>
    <UnitTest name="Test16" storage="c:\users\abhinavminhas\testautomation\bin\debug\testautomation.dll" id="e85a7a41-4717-8ef2-0a8d-ab79515cd1f8">
      <TestCategory>
        <TestCategoryItem TestCategory="Parser - With Attchments" />
      </TestCategory>
      <Execution id="7176c249-bc85-4e7c-9c42-308b60a3ce44" />
      <TestMethod codeBase="C:\Users\abhinavminhas\TestAutomation\bin\Debug\TestAutomation.dll" adapterTypeName="executor://mstestadapter/v2" className="TestAutomation.Tests.Miscellaneous.Tests" name="Test16" />
    </UnitTest>
    <UnitTest name="Test15" storage="c:\users\abhinavminhas\testautomation\bin\debug\testautomation.dll" id="97e29871-129a-24b8-fea6-fe0b511ee9c8">
      <TestCategory>
        <TestCategoryItem TestCategory="Parser - With Attchments" />
      </TestCategory>
      <Execution id="cfc36ea6-e035-4c96-a4e0-62a40702b583" />
      <TestMethod codeBase="C:\Users\abhinavminhas\TestAutomation\bin\Debug\TestAutomation.dll" adapterTypeName="executor://mstestadapter/v2" className="TestAutomation.Tests.Miscellaneous.Tests" name="Test15" />
    </UnitTest>
    <UnitTest name="Test14" storage="c:\users\abhinavminhas\testautomation\bin\debug\testautomation.dll" id="c80b77e5-88f5-7511-02cc-5258b67f59e3">
      <TestCategory>
        <TestCategoryItem TestCategory="Parser - With Attchments" />
      </TestCategory>
      <Execution id="1bd59272-0069-45d7-ab9b-95a934b9c618" />
      <TestMethod codeBase="C:\Users\abhinavminhas\TestAutomation\bin\Debug\TestAutomation.dll" adapterTypeName="executor://mstestadapter/v2" className="TestAutomation.Tests.Miscellaneous.Tests" name="Test14" />
    </UnitTest>
  </TestDefinitions>
  <TestEntries>
    <TestEntry testId="0f8c3318-c9ed-4dbe-e68d-3802aba64904" executionId="5b758987-4658-408f-9594-e8e163ca0edc" testListId="8c84fa94-04c1-424b-9868-57a2d4851a1d" />
    <TestEntry testId="97e29871-129a-24b8-fea6-fe0b511ee9c8" executionId="cfc36ea6-e035-4c96-a4e0-62a40702b583" testListId="8c84fa94-04c1-424b-9868-57a2d4851a1d" />
    <TestEntry testId="c80b77e5-88f5-7511-02cc-5258b67f59e3" executionId="1bd59272-0069-45d7-ab9b-95a934b9c618" testListId="8c84fa94-04c1-424b-9868-57a2d4851a1d" />
    <TestEntry testId="e85a7a41-4717-8ef2-0a8d-ab79515cd1f8" executionId="7176c249-bc85-4e7c-9c42-308b60a3ce44" testListId="8c84fa94-04c1-424b-9868-57a2d4851a1d" />
  </TestEntries>
  <TestLists>
    <TestList name="Results Not in a List" id="8c84fa94-04c1-424b-9868-57a2d4851a1d" />
    <TestList name="All Loaded Results" id="19431567-8539-422a-85d7-44ee4e166bda" />
  </TestLists>
  <ResultSummary outcome="Failed">
    <Counters total="4" executed="4" passed="2" failed="2" error="0" timeout="0" aborted="0" inconclusive="0" passedButRunAborted="0" notRunnable="0" notExecuted="0" disconnected="0" warning="0" completed="0" inProgress="0" pending="0" />
  </ResultSummary>
</TestRun>